# JRE version: OpenJDK Runtime Environment (17.0.2+8) (build 17.0.2+8-86)
# Java VM: OpenJDK 64-Bit Server VM (17.0.2+8-86, mixed mode, emulated-client, sharing, tiered, compressed oops, compressed class ptrs, g1 gc, windows-amd64)
GC Precious Log:
 CPUs: 12 total, 12 available
 Memory: 16257M
 Large Page Support: Disabled
 NUMA Support: Disabled
 Compressed Oops: Enabled (Zero based)
 Heap Region Size: 2M
 Heap Min Capacity: 8M
 Heap Initial Capacity: 256M
 Heap Max Capacity: 4066M
 Pre-touch: Disabled
 Parallel Workers: 10
 Concurrent Workers: 3
 Concurrent Refinement Workers: 10
 Periodic GC: Disabled
Heap:
 garbage-first heap   total 159744K, used 28478K [0x0000000701e00000, 0x0000000800000000)
  region size 2048K, 7 young (14336K), 2 survivors (4096K)
 Metaspace       used 40813K, committed 41280K, reserved 1089536K
  class space    used 5185K, committed 5376K, reserved 1048576K
GC Heap History (20 events):
Event: 1.077 GC heap before
{Heap before GC invocations=0 (full 0):
 garbage-first heap   total 262144K, used 22528K [0x0000000701e00000, 0x0000000800000000)
  region size 2048K, 11 young (22528K), 0 survivors (0K)
 Metaspace       used 6619K, committed 6784K, reserved 1056768K
  class space    used 833K, committed 896K, reserved 1048576K
}
Event: 1.081 GC heap after
{Heap after GC invocations=1 (full 0):
 garbage-first heap   total 262144K, used 5019K [0x0000000701e00000, 0x0000000800000000)
  region size 2048K, 2 young (4096K), 2 survivors (4096K)
 Metaspace       used 6619K, committed 6784K, reserved 1056768K
  class space    used 833K, committed 896K, reserved 1048576K
}
Event: 1.676 GC heap before
{Heap before GC invocations=1 (full 0):
 garbage-first heap   total 262144K, used 31643K [0x0000000701e00000, 0x0000000800000000)
  region size 2048K, 15 young (30720K), 2 survivors (4096K)
 Metaspace       used 10357K, committed 10624K, reserved 1064960K
  class space    used 1389K, committed 1536K, reserved 1048576K
}
Event: 1.679 GC heap after
{Heap after GC invocations=2 (full 0):
 garbage-first heap   total 262144K, used 6994K [0x0000000701e00000, 0x0000000800000000)
  region size 2048K, 1 young (2048K), 1 survivors (2048K)
 Metaspace       used 10357K, committed 10624K, reserved 1064960K
  class space    used 1389K, committed 1536K, reserved 1048576K
}
Event: 2.943 GC heap before
{Heap before GC invocations=2 (full 0):
 garbage-first heap   total 262144K, used 93010K [0x0000000701e00000, 0x0000000800000000)
  region size 2048K, 44 young (90112K), 1 survivors (2048K)
 Metaspace       used 21252K, committed 21504K, reserved 1073152K
  class space    used 2910K, committed 3008K, reserved 1048576K
}
Event: 2.949 GC heap after
{Heap after GC invocations=3 (full 0):
 garbage-first heap   total 262144K, used 11718K [0x0000000701e00000, 0x0000000800000000)
  region size 2048K, 4 young (8192K), 4 survivors (8192K)
 Metaspace       used 21252K, committed 21504K, reserved 1073152K
  class space    used 2910K, committed 3008K, reserved 1048576K
}
Event: 3.497 GC heap before
{Heap before GC invocations=4 (full 0):
 garbage-first heap   total 55296K, used 36294K [0x0000000701e00000, 0x0000000800000000)
  region size 2048K, 16 young (32768K), 4 survivors (8192K)
 Metaspace       used 24793K, committed 25216K, reserved 1073152K
  class space    used 3422K, committed 3584K, reserved 1048576K
}
Event: 3.503 GC heap after
{Heap after GC invocations=5 (full 0):
 garbage-first heap   total 55296K, used 13883K [0x0000000701e00000, 0x0000000800000000)
  region size 2048K, 2 young (4096K), 2 survivors (4096K)
 Metaspace       used 24793K, committed 25216K, reserved 1073152K
  class space    used 3422K, committed 3584K, reserved 1048576K
}
Event: 3.528 GC heap before
{Heap before GC invocations=5 (full 0):
 garbage-first heap   total 55296K, used 15931K [0x0000000701e00000, 0x0000000800000000)
  region size 2048K, 3 young (6144K), 2 survivors (4096K)
 Metaspace       used 24959K, committed 25408K, reserved 1073152K
  class space    used 3440K, committed 3648K, reserved 1048576K
}
Event: 3.530 GC heap after
{Heap after GC invocations=6 (full 0):
 garbage-first heap   total 55296K, used 14677K [0x0000000701e00000, 0x0000000800000000)
  region size 2048K, 1 young (2048K), 1 survivors (2048K)
 Metaspace       used 24959K, committed 25408K, reserved 1073152K
  class space    used 3440K, committed 3648K, reserved 1048576K
}
Event: 3.930 GC heap before
{Heap before GC invocations=6 (full 0):
 garbage-first heap   total 55296K, used 37205K [0x0000000701e00000, 0x0000000800000000)
  region size 2048K, 12 young (24576K), 1 survivors (2048K)
 Metaspace       used 28639K, committed 29120K, reserved 1081344K
  class space    used 3868K, committed 4096K, reserved 1048576K
}
Event: 3.931 GC heap after
{Heap after GC invocations=7 (full 0):
 garbage-first heap   total 55296K, used 15771K [0x0000000701e00000, 0x0000000800000000)
  region size 2048K, 1 young (2048K), 1 survivors (2048K)
 Metaspace       used 28639K, committed 29120K, reserved 1081344K
  class space    used 3868K, committed 4096K, reserved 1048576K
}
Event: 4.401 GC heap before
{Heap before GC invocations=7 (full 0):
 garbage-first heap   total 55296K, used 38299K [0x0000000701e00000, 0x0000000800000000)
  region size 2048K, 12 young (24576K), 1 survivors (2048K)
 Metaspace       used 31550K, committed 32064K, reserved 1081344K
  class space    used 4284K, committed 4480K, reserved 1048576K
}
Event: 4.404 GC heap after
{Heap after GC invocations=8 (full 0):
 garbage-first heap   total 55296K, used 17911K [0x0000000701e00000, 0x0000000800000000)
  region size 2048K, 2 young (4096K), 2 survivors (4096K)
 Metaspace       used 31550K, committed 32064K, reserved 1081344K
  class space    used 4284K, committed 4480K, reserved 1048576K
}
Event: 113.417 GC heap before
{Heap before GC invocations=8 (full 0):
 garbage-first heap   total 55296K, used 38391K [0x0000000701e00000, 0x0000000800000000)
  region size 2048K, 13 young (26624K), 2 survivors (4096K)
 Metaspace       used 34847K, committed 35392K, reserved 1081344K
  class space    used 4684K, committed 4928K, reserved 1048576K
}
Event: 113.421 GC heap after
{Heap after GC invocations=9 (full 0):
 garbage-first heap   total 55296K, used 19458K [0x0000000701e00000, 0x0000000800000000)
  region size 2048K, 1 young (2048K), 1 survivors (2048K)
 Metaspace       used 34847K, committed 35392K, reserved 1081344K
  class space    used 4684K, committed 4928K, reserved 1048576K
}
Event: 113.497 GC heap before
{Heap before GC invocations=9 (full 0):
 garbage-first heap   total 55296K, used 21506K [0x0000000701e00000, 0x0000000800000000)
  region size 2048K, 3 young (6144K), 1 survivors (2048K)
 Metaspace       used 35468K, committed 35968K, reserved 1081344K
  class space    used 4735K, committed 4992K, reserved 1048576K
}
Event: 113.499 GC heap after
{Heap after GC invocations=10 (full 0):
 garbage-first heap   total 55296K, used 19674K [0x0000000701e00000, 0x0000000800000000)
  region size 2048K, 1 young (2048K), 1 survivors (2048K)
 Metaspace       used 35468K, committed 35968K, reserved 1081344K
  class space    used 4735K, committed 4992K, reserved 1048576K
}
Event: 113.942 GC heap before
{Heap before GC invocations=11 (full 0):
 garbage-first heap   total 55296K, used 38106K [0x0000000701e00000, 0x0000000800000000)
  region size 2048K, 11 young (22528K), 1 survivors (2048K)
 Metaspace       used 39803K, committed 40192K, reserved 1089536K
  class space    used 5091K, committed 5248K, reserved 1048576K
}
Event: 113.945 GC heap after
{Heap after GC invocations=12 (full 0):
 garbage-first heap   total 159744K, used 20286K [0x0000000701e00000, 0x0000000800000000)
  region size 2048K, 2 young (4096K), 2 survivors (4096K)
 Metaspace       used 39803K, committed 40192K, reserved 1089536K
  class space    used 5091K, committed 5248K, reserved 1048576K
}

